<?xml version="1.0" encoding="UTF-8"?>
<!-- Generated by org.testng.reporters.JUnitXMLReporter -->
<testsuite ignored="0" hostname="LAPTOP-I1KPM2CO" failures="1" tests="1" name="Test" time="6.392" errors="0" timestamp="2025-03-03T18:33:51 IST">
  <testcase classname="testCases.TC001__AccountRegistrationTest" name="verify_account_registration" time="1.924">
    <failure type="java.lang.AssertionError" message="null">
      <![CDATA[java.lang.AssertionError: null
at testCases.TC001__AccountRegistrationTest.verify_account_registration(TC001__AccountRegistrationTest.java:50)
at java.base/java.util.ArrayList.forEach(ArrayList.java:1597)
... Removed 27 stack frames]]>
    </failure>
  </testcase> <!-- verify_account_registration -->
</testsuite> <!-- Test -->
